<?xml version="1.0" encoding="UTF-8"?>
<coverage generated="1548950724122" clover="3.2.0">
  <project timestamp="1548950724123" name="All files">
    <metrics statements="24" coveredstatements="22" conditionals="2" coveredconditionals="1" methods="6" coveredmethods="5" elements="32" coveredelements="28" complexity="0" loc="24" ncloc="24" packages="1" files="3" classes="3">
      <file name="app-error.ts" path="/Users/pwst211/Desktop/Projects/spms/ErrorHandler/src/classes/app-error.ts">
        <metrics statements="4" coveredstatements="4" conditionals="0" coveredconditionals="0" methods="1" coveredmethods="1"/>
        <line num="2" count="2" type="stmt"/>
        <line num="4" count="2" type="stmt"/>
        <line num="7" count="2" type="stmt"/>
        <line num="8" count="2" type="stmt"/>
      </file>
      <file name="error-handler.ts" path="/Users/pwst211/Desktop/Projects/spms/ErrorHandler/src/classes/error-handler.ts">
        <metrics statements="15" coveredstatements="13" conditionals="2" coveredconditionals="1" methods="4" coveredmethods="3"/>
        <line num="1" count="3" type="stmt"/>
        <line num="3" count="3" type="stmt"/>
        <line num="12" count="3" type="stmt"/>
        <line num="13" count="3" type="stmt"/>
        <line num="14" count="3" type="stmt"/>
        <line num="15" count="3" type="stmt"/>
        <line num="16" count="3" type="stmt"/>
        <line num="17" count="3" type="stmt"/>
        <line num="18" count="3" type="stmt"/>
        <line num="22" count="0" type="stmt"/>
        <line num="34" count="3" type="cond" truecount="1" falsecount="1"/>
        <line num="35" count="3" type="stmt"/>
        <line num="36" count="9" type="stmt"/>
        <line num="37" count="3" type="stmt"/>
        <line num="39" count="0" type="stmt"/>
      </file>
      <file name="operational-error.ts" path="/Users/pwst211/Desktop/Projects/spms/ErrorHandler/src/classes/operational-error.ts">
        <metrics statements="5" coveredstatements="5" conditionals="0" coveredconditionals="0" methods="1" coveredmethods="1"/>
        <line num="2" count="1" type="stmt"/>
        <line num="4" count="1" type="stmt"/>
        <line num="7" count="1" type="stmt"/>
        <line num="8" count="1" type="stmt"/>
        <line num="9" count="1" type="stmt"/>
      </file>
    </metrics>
  </project>
</coverage>
