{"/Users/pwst211/Desktop/Projects/spms/ErrorHandler/src/classes/app-error.ts": {"path":"/Users/pwst211/Desktop/Projects/spms/ErrorHandler/src/classes/app-error.ts","statementMap":{"0":{"start":{"line":2,"column":0},"end":{"line":2,"column":46}},"1":{"start":{"line":7,"column":4},"end":{"line":7,"column":19}},"2":{"start":{"line":8,"column":4},"end":{"line":8,"column":31}},"3":{"start":{"line":4,"column":0},"end":{"line":10,"column":1}}},"fnMap":{"0":{"name":"(anonymous_0)","decl":{"start":{"line":6,"column":2},"end":{"line":6,"column":13}},"loc":{"start":{"line":6,"column":29},"end":{"line":9,"column":3}}}},"branchMap":{},"s":{"0":2,"1":2,"2":2,"3":2},"f":{"0":2},"b":{}}
,"/Users/pwst211/Desktop/Projects/spms/ErrorHandler/src/classes/error-handler.ts": {"path":"/Users/pwst211/Desktop/Projects/spms/ErrorHandler/src/classes/error-handler.ts","statementMap":{"0":{"start":{"line":1,"column":0},"end":{"line":1,"column":25}},"1":{"start":{"line":12,"column":4},"end":{"line":12,"column":19}},"2":{"start":{"line":13,"column":4},"end":{"line":13,"column":38}},"3":{"start":{"line":14,"column":4},"end":{"line":14,"column":27}},"4":{"start":{"line":15,"column":4},"end":{"line":15,"column":52}},"5":{"start":{"line":16,"column":4},"end":{"line":16,"column":20}},"6":{"start":{"line":17,"column":4},"end":{"line":17,"column":32}},"7":{"start":{"line":18,"column":4},"end":{"line":18,"column":51}},"8":{"start":{"line":22,"column":4},"end":{"line":30,"column":7}},"9":{"start":{"line":34,"column":4},"end":{"line":40,"column":5}},"10":{"start":{"line":35,"column":29},"end":{"line":35,"column":61}},"11":{"start":{"line":36,"column":21},"end":{"line":36,"column":68}},"12":{"start":{"line":36,"column":57},"end":{"line":36,"column":67}},"13":{"start":{"line":37,"column":6},"end":{"line":37,"column":20}},"14":{"start":{"line":39,"column":6},"end":{"line":39,"column":16}},"15":{"start":{"line":3,"column":0},"end":{"line":42,"column":1}}},"fnMap":{"0":{"name":"(anonymous_0)","decl":{"start":{"line":11,"column":2},"end":{"line":11,"column":20}},"loc":{"start":{"line":11,"column":36},"end":{"line":19,"column":3}}},"1":{"name":"(anonymous_1)","decl":{"start":{"line":21,"column":9},"end":{"line":21,"column":18}},"loc":{"start":{"line":21,"column":19},"end":{"line":31,"column":3}}},"2":{"name":"(anonymous_2)","decl":{"start":{"line":33,"column":10},"end":{"line":33,"column":22}},"loc":{"start":{"line":33,"column":49},"end":{"line":41,"column":3}}},"3":{"name":"(anonymous_3)","decl":{"start":{"line":36,"column":40},"end":{"line":36,"column":41}},"loc":{"start":{"line":36,"column":57},"end":{"line":36,"column":67}}}},"branchMap":{"0":{"loc":{"start":{"line":34,"column":4},"end":{"line":40,"column":5}},"type":"if","locations":[{"start":{"line":34,"column":4},"end":{"line":40,"column":5}},{"start":{"line":34,"column":4},"end":{"line":40,"column":5}}]}},"s":{"0":3,"1":3,"2":3,"3":3,"4":3,"5":3,"6":3,"7":3,"8":0,"9":3,"10":3,"11":3,"12":9,"13":3,"14":0,"15":3},"f":{"0":3,"1":0,"2":3,"3":9},"b":{"0":[3,0]}}
,"/Users/pwst211/Desktop/Projects/spms/ErrorHandler/src/classes/operational-error.ts": {"path":"/Users/pwst211/Desktop/Projects/spms/ErrorHandler/src/classes/operational-error.ts","statementMap":{"0":{"start":{"line":2,"column":0},"end":{"line":2,"column":46}},"1":{"start":{"line":7,"column":4},"end":{"line":7,"column":19}},"2":{"start":{"line":8,"column":4},"end":{"line":8,"column":39}},"3":{"start":{"line":9,"column":4},"end":{"line":9,"column":29}},"4":{"start":{"line":4,"column":0},"end":{"line":11,"column":1}}},"fnMap":{"0":{"name":"(anonymous_0)","decl":{"start":{"line":6,"column":2},"end":{"line":6,"column":13}},"loc":{"start":{"line":6,"column":45},"end":{"line":10,"column":3}}}},"branchMap":{},"s":{"0":1,"1":1,"2":1,"3":1,"4":1},"f":{"0":1},"b":{}}
}
