TN:
SF:/Users/pwst211/Desktop/Projects/spms/ErrorHandler/src/classes/app-error.ts
FN:6,(anonymous_0)
FNF:1
FNH:1
FNDA:2,(anonymous_0)
DA:2,2
DA:4,2
DA:7,2
DA:8,2
LF:4
LH:4
BRF:0
BRH:0
end_of_record
TN:
SF:/Users/pwst211/Desktop/Projects/spms/ErrorHandler/src/classes/error-handler.ts
FN:11,(anonymous_0)
FN:21,(anonymous_1)
FN:33,(anonymous_2)
FN:36,(anonymous_3)
FNF:4
FNH:3
FNDA:3,(anonymous_0)
FNDA:0,(anonymous_1)
FNDA:3,(anonymous_2)
FNDA:9,(anonymous_3)
DA:1,3
DA:3,3
DA:12,3
DA:13,3
DA:14,3
DA:15,3
DA:16,3
DA:17,3
DA:18,3
DA:22,0
DA:34,3
DA:35,3
DA:36,9
DA:37,3
DA:39,0
LF:15
LH:13
BRDA:34,0,0,3
BRDA:34,0,1,0
BRF:2
BRH:1
end_of_record
TN:
SF:/Users/pwst211/Desktop/Projects/spms/ErrorHandler/src/classes/operational-error.ts
FN:6,(anonymous_0)
FNF:1
FNH:1
FNDA:1,(anonymous_0)
DA:2,1
DA:4,1
DA:7,1
DA:8,1
DA:9,1
LF:5
LH:5
BRF:0
BRH:0
end_of_record
